0 info it worked if it ends with ok
1 verbose cli [ 'C:\\Program Files\\nodejs\\node.exe',
1 verbose cli   'C:\\Program Files\\nodejs\\node_modules\\npm\\bin\\npm-cli.js',
1 verbose cli   'install',
1 verbose cli   'node-linux' ]
2 info using npm@2.15.9
3 info using node@v4.6.1
4 verbose install initial load of E:\DATA(G)\web_ecr_ro\service\package.json
5 verbose installManyTop reading scoped package data from E:\DATA(G)\web_ecr_ro\service\node_modules\express\package.json
6 verbose installManyTop reading scoped package data from E:\DATA(G)\web_ecr_ro\service\node_modules\extend\package.json
7 verbose installManyTop reading scoped package data from E:\DATA(G)\web_ecr_ro\service\node_modules\http-build-query\package.json
8 verbose installManyTop reading scoped package data from E:\DATA(G)\web_ecr_ro\service\node_modules\ipware\package.json
9 verbose installManyTop reading scoped package data from E:\DATA(G)\web_ecr_ro\service\node_modules\node-datetime\package.json
10 verbose installManyTop reading scoped package data from E:\DATA(G)\web_ecr_ro\service\node_modules\node-windows\package.json
11 verbose installManyTop reading scoped package data from E:\DATA(G)\web_ecr_ro\service\node_modules\request\package.json
12 verbose installManyTop reading scoped package data from E:\DATA(G)\web_ecr_ro\service\node_modules\request-digest\package.json
13 verbose installManyTop reading scoped package data from E:\DATA(G)\web_ecr_ro\service\node_modules\request-ip\package.json
14 verbose installManyTop reading scoped package data from E:\DATA(G)\web_ecr_ro\service\node_modules\request-promise\package.json
15 verbose readDependencies loading dependencies from E:\DATA(G)\web_ecr_ro\service\package.json
16 silly cache add args [ 'node-linux', null ]
17 verbose cache add spec node-linux
18 silly cache add parsed spec Result {
18 silly cache add   raw: 'node-linux',
18 silly cache add   scope: null,
18 silly cache add   name: 'node-linux',
18 silly cache add   rawSpec: '',
18 silly cache add   spec: 'latest',
18 silly cache add   type: 'tag' }
19 silly addNamed node-linux@latest
20 verbose addNamed "latest" is being treated as a dist-tag for node-linux
21 info addNameTag [ 'node-linux', 'latest' ]
22 silly mapToRegistry name node-linux
23 silly mapToRegistry using default registry
24 silly mapToRegistry registry https://registry.npmjs.org/
25 silly mapToRegistry data Result {
25 silly mapToRegistry   raw: 'node-linux',
25 silly mapToRegistry   scope: null,
25 silly mapToRegistry   name: 'node-linux',
25 silly mapToRegistry   rawSpec: '',
25 silly mapToRegistry   spec: 'latest',
25 silly mapToRegistry   type: 'tag' }
26 silly mapToRegistry uri https://registry.npmjs.org/node-linux
27 verbose addNameTag registry:https://registry.npmjs.org/node-linux not in flight; fetching
28 verbose request uri https://registry.npmjs.org/node-linux
29 verbose request no auth needed
30 info attempt registry request try #1 at 10:54:10 AM
31 verbose request id 5f1d6377367dbe0c
32 http request GET https://registry.npmjs.org/node-linux
33 http 200 https://registry.npmjs.org/node-linux
34 verbose headers { 'content-type': 'application/json; charset=UTF-8',
34 verbose headers   server: 'UploadServer',
34 verbose headers   'cache-control': 'max-age=300',
34 verbose headers   'last-modified': 'Tue, 13 Dec 2016 17:14:03 GMT',
34 verbose headers   etag: '"58502c5b-6117"',
34 verbose headers   'x-npm-region': 'EU-East',
34 verbose headers   'content-encoding': 'gzip',
34 verbose headers   'content-length': '6172',
34 verbose headers   'accept-ranges': 'bytes',
34 verbose headers   date: 'Fri, 30 Mar 2018 07:54:12 GMT',
34 verbose headers   via: '1.1 varnish',
34 verbose headers   age: '0',
34 verbose headers   connection: 'keep-alive',
34 verbose headers   'x-served-by': 'cache-fra19141-FRA',
34 verbose headers   'x-cache': 'MISS',
34 verbose headers   'x-cache-hits': '0',
34 verbose headers   'x-timer': 'S1522396452.936516,VS0,VE156',
34 verbose headers   vary: 'Accept-Encoding, Accept' }
35 silly get cb [ 200,
35 silly get   { 'content-type': 'application/json; charset=UTF-8',
35 silly get     server: 'UploadServer',
35 silly get     'cache-control': 'max-age=300',
35 silly get     'last-modified': 'Tue, 13 Dec 2016 17:14:03 GMT',
35 silly get     etag: '"58502c5b-6117"',
35 silly get     'x-npm-region': 'EU-East',
35 silly get     'content-encoding': 'gzip',
35 silly get     'content-length': '6172',
35 silly get     'accept-ranges': 'bytes',
35 silly get     date: 'Fri, 30 Mar 2018 07:54:12 GMT',
35 silly get     via: '1.1 varnish',
35 silly get     age: '0',
35 silly get     connection: 'keep-alive',
35 silly get     'x-served-by': 'cache-fra19141-FRA',
35 silly get     'x-cache': 'MISS',
35 silly get     'x-cache-hits': '0',
35 silly get     'x-timer': 'S1522396452.936516,VS0,VE156',
35 silly get     vary: 'Accept-Encoding, Accept' } ]
36 verbose get saving node-linux to C:\Users\admin\AppData\Roaming\npm-cache\registry.npmjs.org\node-linux\.cache.json
37 verbose correctMkdir C:\Users\admin\AppData\Roaming\npm-cache correctMkdir not in flight; initializing
38 silly addNameTag next cb for node-linux with tag latest
39 silly addNamed node-linux@0.1.11
40 verbose addNamed "0.1.11" is a plain semver version for node-linux
41 silly mapToRegistry name node-linux
42 silly mapToRegistry using default registry
43 silly mapToRegistry registry https://registry.npmjs.org/
44 silly mapToRegistry data Result {
44 silly mapToRegistry   raw: 'node-linux',
44 silly mapToRegistry   scope: null,
44 silly mapToRegistry   name: 'node-linux',
44 silly mapToRegistry   rawSpec: '',
44 silly mapToRegistry   spec: 'latest',
44 silly mapToRegistry   type: 'tag' }
45 silly mapToRegistry uri https://registry.npmjs.org/node-linux
46 verbose addRemoteTarball https://registry.npmjs.org/node-linux/-/node-linux-0.1.11.tgz not in flight; adding
47 verbose addRemoteTarball [ 'https://registry.npmjs.org/node-linux/-/node-linux-0.1.11.tgz',
47 verbose addRemoteTarball   'a401d399c3f3c6e75de90c786cc44593df92ff2a' ]
48 info retry fetch attempt 1 at 10:54:11 AM
49 info attempt registry request try #1 at 10:54:11 AM
50 http fetch GET https://registry.npmjs.org/node-linux/-/node-linux-0.1.11.tgz
51 http fetch 200 https://registry.npmjs.org/node-linux/-/node-linux-0.1.11.tgz
52 silly fetchAndShaCheck shasum a401d399c3f3c6e75de90c786cc44593df92ff2a
53 verbose addTmpTarball C:\Users\admin\AppData\Local\Temp\npm-7808-9108cd3c\registry.npmjs.org\node-linux\-\node-linux-0.1.11.tgz not in flight; adding
54 verbose addTmpTarball already have metadata; skipping unpack for node-linux@0.1.11
55 verbose correctMkdir C:\Users\admin\AppData\Roaming\npm-cache correctMkdir not in flight; initializing
56 silly cache afterAdd node-linux@0.1.11
57 verbose afterAdd C:\Users\admin\AppData\Roaming\npm-cache\node-linux\0.1.11\package\package.json not in flight; writing
58 verbose correctMkdir C:\Users\admin\AppData\Roaming\npm-cache correctMkdir not in flight; initializing
59 verbose afterAdd C:\Users\admin\AppData\Roaming\npm-cache\node-linux\0.1.11\package\package.json written
60 silly install resolved [ { name: 'node-linux',
60 silly install resolved     version: '0.1.11',
60 silly install resolved     description: 'Support daemon creation and management on Linux.',
60 silly install resolved     keywords:
60 silly install resolved      [ 'ngn',
60 silly install resolved        'linux',
60 silly install resolved        'daemon',
60 silly install resolved        'service',
60 silly install resolved        'centos',
60 silly install resolved        'redhat',
60 silly install resolved        'debian',
60 silly install resolved        'ubuntu' ],
60 silly install resolved     author: { name: 'Corey Butler', email: 'corey@coreybutler.com' },
60 silly install resolved     devDependencies: { mocha: '*' },
60 silly install resolved     main: 'lib/node-linux.js',
60 silly install resolved     os: [ 'linux' ],
60 silly install resolved     dependencies: { optimist: '~0.6.1', mu2: '~0.5.20' },
60 silly install resolved     scripts: { test: 'mocha' },
60 silly install resolved     repository:
60 silly install resolved      { type: 'git',
60 silly install resolved        url: 'git://github.com/coreybutler/node-linux.git' },
60 silly install resolved     license: 'MIT',
60 silly install resolved     engine: 'node >= 0.10.10',
60 silly install resolved     gitHead: '9b199ffe06ca7500d1782c7651c6a0fc80863cf7',
60 silly install resolved     bugs: { url: 'https://github.com/coreybutler/node-linux/issues' },
60 silly install resolved     homepage: 'https://github.com/coreybutler/node-linux#readme',
60 silly install resolved     _id: 'node-linux@0.1.11',
60 silly install resolved     _shasum: 'a401d399c3f3c6e75de90c786cc44593df92ff2a',
60 silly install resolved     _from: 'node-linux@latest',
60 silly install resolved     _npmVersion: '3.9.5',
60 silly install resolved     _nodeVersion: '6.2.2',
60 silly install resolved     _npmUser: { name: 'cbutler', email: 'corey@coreybutler.com' },
60 silly install resolved     dist:
60 silly install resolved      { shasum: 'a401d399c3f3c6e75de90c786cc44593df92ff2a',
60 silly install resolved        tarball: 'https://registry.npmjs.org/node-linux/-/node-linux-0.1.11.tgz' },
60 silly install resolved     maintainers: [ [Object] ],
60 silly install resolved     _npmOperationalInternal:
60 silly install resolved      { host: 'packages-12-west.internal.npmjs.com',
60 silly install resolved        tmp: 'tmp/node-linux-0.1.11.tgz_1481649241140_0.5564651913009584' },
60 silly install resolved     directories: {},
60 silly install resolved     _resolved: 'https://registry.npmjs.org/node-linux/-/node-linux-0.1.11.tgz' } ]
61 info install node-linux@0.1.11 into E:\DATA(G)\web_ecr_ro\service
62 info installOne node-linux@0.1.11
63 verbose installOne of node-linux to E:\DATA(G)\web_ecr_ro\service not in flight; installing
64 verbose correctMkdir C:\Users\admin\AppData\Roaming\npm-cache\_locks correctMkdir not in flight; initializing
65 verbose lock using C:\Users\admin\AppData\Roaming\npm-cache\_locks\node-linux-145930b18e87b21d.lock for E:\DATA(G)\web_ecr_ro\service\node_modules\node-linux
66 verbose unlock done using C:\Users\admin\AppData\Roaming\npm-cache\_locks\node-linux-145930b18e87b21d.lock for E:\DATA(G)\web_ecr_ro\service\node_modules\node-linux
67 verbose stack Error: Unsupported
67 verbose stack     at checkPlatform (C:\Program Files\nodejs\node_modules\npm\node_modules\npm-install-checks\index.js:47:14)
67 verbose stack     at Array.<anonymous> (C:\Program Files\nodejs\node_modules\npm\node_modules\slide\lib\bind-actor.js:15:8)
67 verbose stack     at LOOP (C:\Program Files\nodejs\node_modules\npm\node_modules\slide\lib\chain.js:15:14)
67 verbose stack     at C:\Program Files\nodejs\node_modules\npm\node_modules\slide\lib\chain.js:18:7
67 verbose stack     at checkEngine (C:\Program Files\nodejs\node_modules\npm\node_modules\npm-install-checks\index.js:11:20)
67 verbose stack     at Array.<anonymous> (C:\Program Files\nodejs\node_modules\npm\node_modules\slide\lib\bind-actor.js:15:8)
67 verbose stack     at LOOP (C:\Program Files\nodejs\node_modules\npm\node_modules\slide\lib\chain.js:15:14)
67 verbose stack     at chain (C:\Program Files\nodejs\node_modules\npm\node_modules\slide\lib\chain.js:20:5)
67 verbose stack     at C:\Program Files\nodejs\node_modules\npm\lib\install.js:1038:5
67 verbose stack     at C:\Program Files\nodejs\node_modules\npm\lib\utils\locker.js:39:7
68 verbose pkgid node-linux@0.1.11
69 verbose cwd E:\DATA(G)\web_ecr_ro\service
70 error Windows_NT 6.3.9600
71 error argv "C:\\Program Files\\nodejs\\node.exe" "C:\\Program Files\\nodejs\\node_modules\\npm\\bin\\npm-cli.js" "install" "node-linux"
72 error node v4.6.1
73 error npm  v2.15.9
74 error code EBADPLATFORM
75 error notsup Unsupported
75 error notsup Not compatible with your operating system or architecture: node-linux@0.1.11
75 error notsup Valid OS:    linux
75 error notsup Valid Arch:  any
75 error notsup Actual OS:   win32
75 error notsup Actual Arch: x64
76 verbose exit [ 1, true ]
